Arguments: 
  C:\Program Files\nodejs\node.exe C:\Program Files (x86)\Yarn\bin\yarn.js install

PATH: 
  C:\Program Files\PowerShell\7-preview;C:\WINDOWS\system32;C:\WINDOWS;C:\WINDOWS\System32\Wbem;C:\WINDOWS\System32\WindowsPowerShell\v1.0\;C:\WINDOWS\System32\OpenSSH\;C:\ProgramData\chocolatey\bin;C:\Program Files\PowerShell\7-preview\preview;C:\Program Files\Git\cmd;C:\Program Files\Microsoft VS Code\bin;C:\ProgramData\nvm;C:\Program Files\nodejs;C:\Program Files (x86)\Windows Kits\8.1\Windows Performance Toolkit\;C:\Program Files (x86)\Yarn\bin\;C:\Users\sanav\.windows-build-tools\python27\;C:\Users\sanav\AppData\Local\Microsoft\WindowsApps;C:\Program Files\JetBrains\JetBrains Rider 202.4357.27\bin;C:\Users\sanav\AppData\Local\Yarn\bin

Yarn version: 
  1.22.4

Node version: 
  12.18.0

Platform: 
  win32 x64

Trace: 
  Error: https://registry.yarnpkg.com/core-js/-/core-js-2.6.11.tgz: ESOCKETTIMEDOUT
      at ClientRequest.<anonymous> (C:\Program Files (x86)\Yarn\lib\cli.js:141375:19)
      at Object.onceWrapper (events.js:421:28)
      at ClientRequest.emit (events.js:315:20)
      at TLSSocket.emitRequestTimeout (_http_client.js:709:9)
      at Object.onceWrapper (events.js:421:28)
      at TLSSocket.emit (events.js:327:22)
      at TLSSocket.Socket._onTimeout (net.js:481:8)
      at listOnTimeout (internal/timers.js:549:17)
      at processTimers (internal/timers.js:492:7)

npm manifest: 
  {
    "name": "gatsby-starter-code-notes",
    "description": "A simplified bare-bones starter for the Code Notes Gatsby theme",
    "private": true,
    "version": "1.0.0",
    "main": "index.js",
    "author": {
      "name": "Zander Martineau",
      "url": "https://zander.wtf"
    },
    "license": "MIT",
    "scripts": {
      "build": "gatsby build",
      "clean": "gatsby clean",
      "dev": "gatsby develop",
      "start": "gatsby serve"
    },
    "dependencies": {
      "gatsby": "^2.23.1",
      "gatsby-theme-code-notes": "1.6.0",
      "react": "^16.13.1",
      "react-dom": "^16.13.1"
    },
    "repository": {
      "type": "git",
      "url": "https://github.com/mrmartineau/gatsby-starter-code-notes"
    },
    "bugs": {
      "url": "https://github.com/mrmartineau/gatsby-starter-code-notes/issues"
    }
  }

yarn manifest: 
  No manifest

Lockfile: 
  No lockfile
